<?xml version="1.0" encoding="UTF-8"?>
<testng-results skipped="0" failed="0" ignored="0" total="1" passed="1">
  <reporter-output>
  </reporter-output>
  <suite name="Default suite" duration-ms="9593" started-at="2022-11-13T15:10:33 IST" finished-at="2022-11-13T15:10:43 IST">
    <groups>
    </groups>
    <test name="Default test" duration-ms="9593" started-at="2022-11-13T15:10:33 IST" finished-at="2022-11-13T15:10:43 IST">
      <class name="Selenium.Delete">
        <test-method status="PASS" signature="test1()[pri:0, instance:Selenium.Delete@6b419da]" name="test1" duration-ms="9499" started-at="2022-11-13T15:10:33 IST" finished-at="2022-11-13T15:10:42 IST">
          <reporter-output>
          </reporter-output>
        </test-method> <!-- test1 -->
      </class> <!-- Selenium.Delete -->
    </test> <!-- Default test -->
  </suite> <!-- Default suite -->
</testng-results>
